<?xml version="1.0" encoding="UTF-8"?>
<!-- Generated by org.testng.reporters.JUnitReportReporter -->
<testsuite skipped="0" hostname="DESKTOP-5QEKCKI" name="Cucumber_Test.TestRunner" tests="1" failures="0" timestamp="2020-03-24T11:10:35 EDT" time="28.969" errors="0">
  <testcase name="feature" time="28.969" classname="Cucumber_Test.TestRunner"/>
  <system-out/>
</testsuite> <!-- Cucumber_Test.TestRunner -->
